<?xml version="1.0" encoding="UTF-8"?>
<testsuite name="com.kodilla.spring.hello.world.SpringHelloWorldApplicationTests" tests="1" skipped="0" failures="0" errors="0" timestamp="2023-06-11T12:33:15" hostname="MacBook-Air-Natalia.local" time="1.508">
  <properties/>
  <testcase name="contextLoads()" classname="com.kodilla.spring.hello.world.SpringHelloWorldApplicationTests" time="1.508"/>
  <system-out><![CDATA[14:33:12.215 [Test worker] DEBUG org.springframework.test.context.BootstrapUtils - Instantiating CacheAwareContextLoaderDelegate from class [org.springframework.test.context.cache.DefaultCacheAwareContextLoaderDelegate]
14:33:12.290 [Test worker] DEBUG org.springframework.test.context.BootstrapUtils - Instantiating BootstrapContext using constructor [public org.springframework.test.context.support.DefaultBootstrapContext(java.lang.Class,org.springframework.test.context.CacheAwareContextLoaderDelegate)]
14:33:12.375 [Test worker] DEBUG org.springframework.test.context.BootstrapUtils - Instantiating TestContextBootstrapper for test class [com.kodilla.spring.hello.world.SpringHelloWorldApplicationTests] from class [org.springframework.boot.test.context.SpringBootTestContextBootstrapper]
14:33:12.400 [Test worker] INFO org.springframework.boot.test.context.SpringBootTestContextBootstrapper - Neither @ContextConfiguration nor @ContextHierarchy found for test class [com.kodilla.spring.hello.world.SpringHelloWorldApplicationTests], using SpringBootContextLoader
14:33:12.410 [Test worker] DEBUG org.springframework.test.context.support.AbstractContextLoader - Did not detect default resource location for test class [com.kodilla.spring.hello.world.SpringHelloWorldApplicationTests]: class path resource [com/kodilla/spring/hello/world/SpringHelloWorldApplicationTests-context.xml] does not exist
14:33:12.412 [Test worker] DEBUG org.springframework.test.context.support.AbstractContextLoader - Did not detect default resource location for test class [com.kodilla.spring.hello.world.SpringHelloWorldApplicationTests]: class path resource [com/kodilla/spring/hello/world/SpringHelloWorldApplicationTestsContext.groovy] does not exist
14:33:12.413 [Test worker] INFO org.springframework.test.context.support.AbstractContextLoader - Could not detect default resource locations for test class [com.kodilla.spring.hello.world.SpringHelloWorldApplicationTests]: no resource found for suffixes {-context.xml, Context.groovy}.
14:33:12.414 [Test worker] INFO org.springframework.test.context.support.AnnotationConfigContextLoaderUtils - Could not detect default configuration classes for test class [com.kodilla.spring.hello.world.SpringHelloWorldApplicationTests]: SpringHelloWorldApplicationTests does not declare any static, non-private, non-final, nested classes annotated with @Configuration.
14:33:12.509 [Test worker] DEBUG org.springframework.test.context.support.ActiveProfilesUtils - Could not find an 'annotation declaring class' for annotation type [org.springframework.test.context.ActiveProfiles] and class [com.kodilla.spring.hello.world.SpringHelloWorldApplicationTests]
14:33:12.744 [Test worker] DEBUG org.springframework.context.annotation.ClassPathScanningCandidateComponentProvider - Identified candidate component class: file [/Users/nataliagwardjan/Desktop/Biurko/Natalia/Kodilla/kodilla-docker-course/spring-hello-world/build/classes/java/main/com/kodilla/spring/hello/world/SpringHelloWorldApplication.class]
14:33:12.756 [Test worker] INFO org.springframework.boot.test.context.SpringBootTestContextBootstrapper - Found @SpringBootConfiguration com.kodilla.spring.hello.world.SpringHelloWorldApplication for test class com.kodilla.spring.hello.world.SpringHelloWorldApplicationTests
14:33:13.270 [Test worker] DEBUG org.springframework.boot.test.context.SpringBootTestContextBootstrapper - @TestExecutionListeners is not present for class [com.kodilla.spring.hello.world.SpringHelloWorldApplicationTests]: using defaults.
14:33:13.272 [Test worker] INFO org.springframework.boot.test.context.SpringBootTestContextBootstrapper - Loaded default TestExecutionListener class names from location [META-INF/spring.factories]: [org.springframework.boot.test.autoconfigure.restdocs.RestDocsTestExecutionListener, org.springframework.boot.test.autoconfigure.web.client.MockRestServiceServerResetTestExecutionListener, org.springframework.boot.test.autoconfigure.web.servlet.MockMvcPrintOnlyOnFailureTestExecutionListener, org.springframework.boot.test.autoconfigure.web.servlet.WebDriverTestExecutionListener, org.springframework.boot.test.autoconfigure.webservices.client.MockWebServiceServerTestExecutionListener, org.springframework.boot.test.mock.mockito.MockitoTestExecutionListener, org.springframework.boot.test.mock.mockito.ResetMocksTestExecutionListener, org.springframework.test.context.web.ServletTestExecutionListener, org.springframework.test.context.support.DirtiesContextBeforeModesTestExecutionListener, org.springframework.test.context.event.ApplicationEventsTestExecutionListener, org.springframework.test.context.support.DependencyInjectionTestExecutionListener, org.springframework.test.context.support.DirtiesContextTestExecutionListener, org.springframework.test.context.transaction.TransactionalTestExecutionListener, org.springframework.test.context.jdbc.SqlScriptsTestExecutionListener, org.springframework.test.context.event.EventPublishingTestExecutionListener]
14:33:13.298 [Test worker] DEBUG org.springframework.boot.test.context.SpringBootTestContextBootstrapper - Skipping candidate TestExecutionListener [org.springframework.test.context.transaction.TransactionalTestExecutionListener] due to a missing dependency. Specify custom listener classes or make the default listener classes and their required dependencies available. Offending class: [org/springframework/transaction/interceptor/TransactionAttributeSource]
14:33:13.299 [Test worker] DEBUG org.springframework.boot.test.context.SpringBootTestContextBootstrapper - Skipping candidate TestExecutionListener [org.springframework.test.context.jdbc.SqlScriptsTestExecutionListener] due to a missing dependency. Specify custom listener classes or make the default listener classes and their required dependencies available. Offending class: [org/springframework/transaction/interceptor/TransactionAttribute]
14:33:13.300 [Test worker] INFO org.springframework.boot.test.context.SpringBootTestContextBootstrapper - Using TestExecutionListeners: [org.springframework.test.context.web.ServletTestExecutionListener@75e91545, org.springframework.test.context.support.DirtiesContextBeforeModesTestExecutionListener@60d1a32f, org.springframework.test.context.event.ApplicationEventsTestExecutionListener@531c311e, org.springframework.boot.test.mock.mockito.MockitoTestExecutionListener@22b53226, org.springframework.boot.test.autoconfigure.SpringBootDependencyInjectionTestExecutionListener@1fcb4808, org.springframework.test.context.support.DirtiesContextTestExecutionListener@726e5805, org.springframework.test.context.event.EventPublishingTestExecutionListener@40c80397, org.springframework.boot.test.autoconfigure.restdocs.RestDocsTestExecutionListener@4b672daa, org.springframework.boot.test.autoconfigure.web.client.MockRestServiceServerResetTestExecutionListener@ea9b7c6, org.springframework.boot.test.autoconfigure.web.servlet.MockMvcPrintOnlyOnFailureTestExecutionListener@e077866, org.springframework.boot.test.autoconfigure.web.servlet.WebDriverTestExecutionListener@ed3068a, org.springframework.boot.test.autoconfigure.webservices.client.MockWebServiceServerTestExecutionListener@7c2b6087, org.springframework.boot.test.mock.mockito.ResetMocksTestExecutionListener@3fffff43]
14:33:13.308 [Test worker] DEBUG org.springframework.test.context.support.AbstractDirtiesContextTestExecutionListener - Before test class: context [DefaultTestContext@4678a2eb testClass = SpringHelloWorldApplicationTests, testInstance = [null], testMethod = [null], testException = [null], mergedContextConfiguration = [WebMergedContextConfiguration@5b43fbf6 testClass = SpringHelloWorldApplicationTests, locations = '{}', classes = '{class com.kodilla.spring.hello.world.SpringHelloWorldApplication}', contextInitializerClasses = '[]', activeProfiles = '{}', propertySourceLocations = '{}', propertySourceProperties = '{org.springframework.boot.test.context.SpringBootTestContextBootstrapper=true}', contextCustomizers = set[org.springframework.boot.test.autoconfigure.actuate.metrics.MetricsExportContextCustomizerFactory$DisableMetricExportContextCustomizer@301eda63, org.springframework.boot.test.autoconfigure.properties.PropertyMappingContextCustomizer@0, org.springframework.boot.test.autoconfigure.web.servlet.WebDriverContextCustomizerFactory$Customizer@f107c50, org.springframework.boot.test.context.filter.ExcludeFilterContextCustomizer@60410cd, org.springframework.boot.test.json.DuplicateJsonObjectContextCustomizerFactory$DuplicateJsonObjectContextCustomizer@7393222f, org.springframework.boot.test.mock.mockito.MockitoContextCustomizer@0, org.springframework.boot.test.web.client.TestRestTemplateContextCustomizer@5ef5c734, org.springframework.boot.test.context.SpringBootTestArgs@1, org.springframework.boot.test.context.SpringBootTestWebEnvironment@2de23121], resourceBasePath = 'src/main/webapp', contextLoader = 'org.springframework.boot.test.context.SpringBootContextLoader', parent = [null]], attributes = map['org.springframework.test.context.web.ServletTestExecutionListener.activateListener' -> true]], class annotated with @DirtiesContext [false] with mode [null].

  .   ____          _            __ _ _
 /\\ / ___'_ __ _ _(_)_ __  __ _ \ \ \ \
( ( )\___ | '_ | '_| | '_ \/ _` | \ \ \ \
 \\/  ___)| |_)| | | | | || (_| |  ) ) ) )
  '  |____| .__|_| |_|_| |_\__, | / / / /
 =========|_|==============|___/=/_/_/_/
 :: Spring Boot ::                (v2.7.1)

2023-06-11 14:33:13.798  INFO 11268 --- [    Test worker] k.s.h.w.SpringHelloWorldApplicationTests : Starting SpringHelloWorldApplicationTests using Java 17.0.4.1 on MacBook-Air-Natalia.local with PID 11268 (started by nataliagwardjan in /Users/nataliagwardjan/Desktop/Biurko/Natalia/Kodilla/kodilla-docker-course/spring-hello-world)
2023-06-11 14:33:13.799  INFO 11268 --- [    Test worker] k.s.h.w.SpringHelloWorldApplicationTests : No active profile set, falling back to 1 default profile: "default"
2023-06-11 14:33:15.359  INFO 11268 --- [    Test worker] k.s.h.w.SpringHelloWorldApplicationTests : Started SpringHelloWorldApplicationTests in 1.955 seconds (JVM running for 5.201)
]]></system-out>
  <system-err><![CDATA[]]></system-err>
</testsuite>
